CRITICAL - 2025-08-25 01:10:19 --> CodeIgniter\View\Exceptions\ViewException: Invalid file: "jabatan/index.php"
[Method: GET, Route: jabatan]
in SYSTEMPATH\Exceptions\FrameworkException.php on line 39.
 1 SYSTEMPATH\View\View.php(214): CodeIgniter\Exceptions\FrameworkException::forInvalidFile('jabatan/index.php')
 2 SYSTEMPATH\Common.php(1167): CodeIgniter\View\View->render('jabatan/index', [], true)
 3 APPPATH\Controllers\JabatanController.php(20): view('jabatan/index')
 4 SYSTEMPATH\CodeIgniter.php(933): App\Controllers\JabatanController->index()
 5 SYSTEMPATH\CodeIgniter.php(507): CodeIgniter\CodeIgniter->runController(Object(App\Controllers\JabatanController))
 6 SYSTEMPATH\CodeIgniter.php(354): CodeIgniter\CodeIgniter->handleRequest(null, Object(Config\Cache), false)
 7 SYSTEMPATH\Boot.php(363): CodeIgniter\CodeIgniter->run()
 8 SYSTEMPATH\Boot.php(68): CodeIgniter\Boot::runCodeIgniter(Object(CodeIgniter\CodeIgniter))
 9 FCPATH\index.php(59): CodeIgniter\Boot::bootWeb(Object(Config\Paths))
10 SYSTEMPATH\rewrite.php(44): require_once('C:\\Users\\USER\\crud-manajemen-data-ci4\\public\\index.php')
CRITICAL - 2025-08-25 01:10:30 --> CodeIgniter\View\Exceptions\ViewException: Invalid file: "jabatan/index.php"
[Method: GET, Route: jabatan]
in SYSTEMPATH\Exceptions\FrameworkException.php on line 39.
 1 SYSTEMPATH\View\View.php(214): CodeIgniter\Exceptions\FrameworkException::forInvalidFile('jabatan/index.php')
 2 SYSTEMPATH\Common.php(1167): CodeIgniter\View\View->render('jabatan/index', [], true)
 3 APPPATH\Controllers\JabatanController.php(20): view('jabatan/index')
 4 SYSTEMPATH\CodeIgniter.php(933): App\Controllers\JabatanController->index()
 5 SYSTEMPATH\CodeIgniter.php(507): CodeIgniter\CodeIgniter->runController(Object(App\Controllers\JabatanController))
 6 SYSTEMPATH\CodeIgniter.php(354): CodeIgniter\CodeIgniter->handleRequest(null, Object(Config\Cache), false)
 7 SYSTEMPATH\Boot.php(363): CodeIgniter\CodeIgniter->run()
 8 SYSTEMPATH\Boot.php(68): CodeIgniter\Boot::runCodeIgniter(Object(CodeIgniter\CodeIgniter))
 9 FCPATH\index.php(59): CodeIgniter\Boot::bootWeb(Object(Config\Paths))
10 SYSTEMPATH\rewrite.php(44): require_once('C:\\Users\\USER\\crud-manajemen-data-ci4\\public\\index.php')
CRITICAL - 2025-08-25 01:10:51 --> CodeIgniter\View\Exceptions\ViewException: Invalid file: "jabatan/index.php"
[Method: GET, Route: jabatan]
in SYSTEMPATH\Exceptions\FrameworkException.php on line 39.
 1 SYSTEMPATH\View\View.php(214): CodeIgniter\Exceptions\FrameworkException::forInvalidFile('jabatan/index.php')
 2 SYSTEMPATH\Common.php(1167): CodeIgniter\View\View->render('jabatan/index', [], true)
 3 APPPATH\Controllers\JabatanController.php(20): view('jabatan/index')
 4 SYSTEMPATH\CodeIgniter.php(933): App\Controllers\JabatanController->index()
 5 SYSTEMPATH\CodeIgniter.php(507): CodeIgniter\CodeIgniter->runController(Object(App\Controllers\JabatanController))
 6 SYSTEMPATH\CodeIgniter.php(354): CodeIgniter\CodeIgniter->handleRequest(null, Object(Config\Cache), false)
 7 SYSTEMPATH\Boot.php(363): CodeIgniter\CodeIgniter->run()
 8 SYSTEMPATH\Boot.php(68): CodeIgniter\Boot::runCodeIgniter(Object(CodeIgniter\CodeIgniter))
 9 FCPATH\index.php(59): CodeIgniter\Boot::bootWeb(Object(Config\Paths))
10 SYSTEMPATH\rewrite.php(44): require_once('C:\\Users\\USER\\crud-manajemen-data-ci4\\public\\index.php')
