ERROR - 2025-08-24 14:10:10 --> mysqli_sql_exception: Can't create table `pegawai_db`.`pegawai` (errno: 150 "Foreign key constraint is incorrectly formed") in C:\Users\USER\crud-manajemen-data-ci4\system\Database\MySQLi\Connection.php:327
Stack trace:
#0 C:\Users\USER\crud-manajemen-data-ci4\system\Database\MySQLi\Connection.php(327): mysqli->query('CREATE TABLE `p...', 0)
#1 C:\Users\USER\crud-manajemen-data-ci4\system\Database\BaseConnection.php(729): CodeIgniter\Database\MySQLi\Connection->execute('CREATE TABLE `p...')
#2 C:\Users\USER\crud-manajemen-data-ci4\system\Database\BaseConnection.php(646): CodeIgniter\Database\BaseConnection->simpleQuery('CREATE TABLE `p...')
#3 C:\Users\USER\crud-manajemen-data-ci4\system\Database\Forge.php(570): CodeIgniter\Database\BaseConnection->query('CREATE TABLE `p...')
#4 C:\Users\USER\crud-manajemen-data-ci4\app\Database\Migrations\2025-08-24-135514_CreatePegawaiTable.php(38): CodeIgniter\Database\Forge->createTable('pegawai')
#5 C:\Users\USER\crud-manajemen-data-ci4\system\Database\MigrationRunner.php(876): App\Database\Migrations\CreatePegawaiTable->up()
#6 C:\Users\USER\crud-manajemen-data-ci4\system\Database\MigrationRunner.php(182): CodeIgniter\Database\MigrationRunner->migrate('up', Object(stdClass))
#7 C:\Users\USER\crud-manajemen-data-ci4\system\Commands\Database\Migrate.php(85): CodeIgniter\Database\MigrationRunner->latest(NULL)
#8 C:\Users\USER\crud-manajemen-data-ci4\system\CLI\Commands.php(74): CodeIgniter\Commands\Database\Migrate->run(Array)
#9 C:\Users\USER\crud-manajemen-data-ci4\system\CLI\Console.php(47): CodeIgniter\CLI\Commands->run('migrate', Array)
#10 C:\Users\USER\crud-manajemen-data-ci4\system\Boot.php(388): CodeIgniter\CLI\Console->run()
#11 C:\Users\USER\crud-manajemen-data-ci4\system\Boot.php(133): CodeIgniter\Boot::runCommand(Object(CodeIgniter\CLI\Console))
#12 C:\Users\USER\crud-manajemen-data-ci4\spark(87): CodeIgniter\Boot::bootSpark(Object(Config\Paths))
#13 {main}
ERROR - 2025-08-24 14:12:28 --> mysqli_sql_exception: Can't create table `pegawai_db`.`pegawai` (errno: 150 "Foreign key constraint is incorrectly formed") in C:\Users\USER\crud-manajemen-data-ci4\system\Database\MySQLi\Connection.php:327
Stack trace:
#0 C:\Users\USER\crud-manajemen-data-ci4\system\Database\MySQLi\Connection.php(327): mysqli->query('CREATE TABLE `p...', 0)
#1 C:\Users\USER\crud-manajemen-data-ci4\system\Database\BaseConnection.php(729): CodeIgniter\Database\MySQLi\Connection->execute('CREATE TABLE `p...')
#2 C:\Users\USER\crud-manajemen-data-ci4\system\Database\BaseConnection.php(646): CodeIgniter\Database\BaseConnection->simpleQuery('CREATE TABLE `p...')
#3 C:\Users\USER\crud-manajemen-data-ci4\system\Database\Forge.php(570): CodeIgniter\Database\BaseConnection->query('CREATE TABLE `p...')
#4 C:\Users\USER\crud-manajemen-data-ci4\app\Database\Migrations\2025-08-24-135514_CreatePegawaiTable.php(38): CodeIgniter\Database\Forge->createTable('pegawai')
#5 C:\Users\USER\crud-manajemen-data-ci4\system\Database\MigrationRunner.php(876): App\Database\Migrations\CreatePegawaiTable->up()
#6 C:\Users\USER\crud-manajemen-data-ci4\system\Database\MigrationRunner.php(182): CodeIgniter\Database\MigrationRunner->migrate('up', Object(stdClass))
#7 C:\Users\USER\crud-manajemen-data-ci4\system\Commands\Database\Migrate.php(85): CodeIgniter\Database\MigrationRunner->latest(NULL)
#8 C:\Users\USER\crud-manajemen-data-ci4\system\CLI\Commands.php(74): CodeIgniter\Commands\Database\Migrate->run(Array)
#9 C:\Users\USER\crud-manajemen-data-ci4\system\CLI\Console.php(47): CodeIgniter\CLI\Commands->run('migrate', Array)
#10 C:\Users\USER\crud-manajemen-data-ci4\system\Boot.php(388): CodeIgniter\CLI\Console->run()
#11 C:\Users\USER\crud-manajemen-data-ci4\system\Boot.php(133): CodeIgniter\Boot::runCommand(Object(CodeIgniter\CLI\Console))
#12 C:\Users\USER\crud-manajemen-data-ci4\spark(87): CodeIgniter\Boot::bootSpark(Object(Config\Paths))
#13 {main}
ERROR - 2025-08-24 14:14:39 --> mysqli_sql_exception: Can't create table `pegawai_db`.`pegawai` (errno: 150 "Foreign key constraint is incorrectly formed") in C:\Users\USER\crud-manajemen-data-ci4\system\Database\MySQLi\Connection.php:327
Stack trace:
#0 C:\Users\USER\crud-manajemen-data-ci4\system\Database\MySQLi\Connection.php(327): mysqli->query('CREATE TABLE `p...', 0)
#1 C:\Users\USER\crud-manajemen-data-ci4\system\Database\BaseConnection.php(729): CodeIgniter\Database\MySQLi\Connection->execute('CREATE TABLE `p...')
#2 C:\Users\USER\crud-manajemen-data-ci4\system\Database\BaseConnection.php(646): CodeIgniter\Database\BaseConnection->simpleQuery('CREATE TABLE `p...')
#3 C:\Users\USER\crud-manajemen-data-ci4\system\Database\Forge.php(570): CodeIgniter\Database\BaseConnection->query('CREATE TABLE `p...')
#4 C:\Users\USER\crud-manajemen-data-ci4\app\Database\Migrations\2025-08-24-135514_CreatePegawaiTable.php(38): CodeIgniter\Database\Forge->createTable('pegawai')
#5 C:\Users\USER\crud-manajemen-data-ci4\system\Database\MigrationRunner.php(876): App\Database\Migrations\CreatePegawaiTable->up()
#6 C:\Users\USER\crud-manajemen-data-ci4\system\Database\MigrationRunner.php(182): CodeIgniter\Database\MigrationRunner->migrate('up', Object(stdClass))
#7 C:\Users\USER\crud-manajemen-data-ci4\system\Commands\Database\Migrate.php(85): CodeIgniter\Database\MigrationRunner->latest(NULL)
#8 C:\Users\USER\crud-manajemen-data-ci4\system\CLI\Commands.php(74): CodeIgniter\Commands\Database\Migrate->run(Array)
#9 C:\Users\USER\crud-manajemen-data-ci4\system\CLI\Console.php(47): CodeIgniter\CLI\Commands->run('migrate', Array)
#10 C:\Users\USER\crud-manajemen-data-ci4\system\Boot.php(388): CodeIgniter\CLI\Console->run()
#11 C:\Users\USER\crud-manajemen-data-ci4\system\Boot.php(133): CodeIgniter\Boot::runCommand(Object(CodeIgniter\CLI\Console))
#12 C:\Users\USER\crud-manajemen-data-ci4\spark(87): CodeIgniter\Boot::bootSpark(Object(Config\Paths))
#13 {main}
ERROR - 2025-08-24 14:18:09 --> mysqli_sql_exception: Can't create table `pegawai_db`.`pegawai` (errno: 150 "Foreign key constraint is incorrectly formed") in C:\Users\USER\crud-manajemen-data-ci4\system\Database\MySQLi\Connection.php:327
Stack trace:
#0 C:\Users\USER\crud-manajemen-data-ci4\system\Database\MySQLi\Connection.php(327): mysqli->query('CREATE TABLE `p...', 0)
#1 C:\Users\USER\crud-manajemen-data-ci4\system\Database\BaseConnection.php(729): CodeIgniter\Database\MySQLi\Connection->execute('CREATE TABLE `p...')
#2 C:\Users\USER\crud-manajemen-data-ci4\system\Database\BaseConnection.php(646): CodeIgniter\Database\BaseConnection->simpleQuery('CREATE TABLE `p...')
#3 C:\Users\USER\crud-manajemen-data-ci4\system\Database\Forge.php(570): CodeIgniter\Database\BaseConnection->query('CREATE TABLE `p...')
#4 C:\Users\USER\crud-manajemen-data-ci4\app\Database\Migrations\2025-08-24-135514_CreatePegawaiTable.php(38): CodeIgniter\Database\Forge->createTable('pegawai')
#5 C:\Users\USER\crud-manajemen-data-ci4\system\Database\MigrationRunner.php(876): App\Database\Migrations\CreatePegawaiTable->up()
#6 C:\Users\USER\crud-manajemen-data-ci4\system\Database\MigrationRunner.php(182): CodeIgniter\Database\MigrationRunner->migrate('up', Object(stdClass))
#7 C:\Users\USER\crud-manajemen-data-ci4\system\Commands\Database\Migrate.php(85): CodeIgniter\Database\MigrationRunner->latest(NULL)
#8 C:\Users\USER\crud-manajemen-data-ci4\system\CLI\Commands.php(74): CodeIgniter\Commands\Database\Migrate->run(Array)
#9 C:\Users\USER\crud-manajemen-data-ci4\system\CLI\Console.php(47): CodeIgniter\CLI\Commands->run('migrate', Array)
#10 C:\Users\USER\crud-manajemen-data-ci4\system\Boot.php(388): CodeIgniter\CLI\Console->run()
#11 C:\Users\USER\crud-manajemen-data-ci4\system\Boot.php(133): CodeIgniter\Boot::runCommand(Object(CodeIgniter\CLI\Console))
#12 C:\Users\USER\crud-manajemen-data-ci4\spark(87): CodeIgniter\Boot::bootSpark(Object(Config\Paths))
#13 {main}
ERROR - 2025-08-24 14:26:15 --> mysqli_sql_exception: Can't create table `pegawai_db`.`pegawai` (errno: 150 "Foreign key constraint is incorrectly formed") in C:\Users\USER\crud-manajemen-data-ci4\system\Database\MySQLi\Connection.php:327
Stack trace:
#0 C:\Users\USER\crud-manajemen-data-ci4\system\Database\MySQLi\Connection.php(327): mysqli->query('CREATE TABLE `p...', 0)
#1 C:\Users\USER\crud-manajemen-data-ci4\system\Database\BaseConnection.php(729): CodeIgniter\Database\MySQLi\Connection->execute('CREATE TABLE `p...')
#2 C:\Users\USER\crud-manajemen-data-ci4\system\Database\BaseConnection.php(646): CodeIgniter\Database\BaseConnection->simpleQuery('CREATE TABLE `p...')
#3 C:\Users\USER\crud-manajemen-data-ci4\system\Database\Forge.php(570): CodeIgniter\Database\BaseConnection->query('CREATE TABLE `p...')
#4 C:\Users\USER\crud-manajemen-data-ci4\app\Database\Migrations\2025-08-24-135514_CreatePegawaiTable.php(38): CodeIgniter\Database\Forge->createTable('pegawai', true, Array)
#5 C:\Users\USER\crud-manajemen-data-ci4\system\Database\MigrationRunner.php(876): App\Database\Migrations\CreatePegawaiTable->up()
#6 C:\Users\USER\crud-manajemen-data-ci4\system\Database\MigrationRunner.php(182): CodeIgniter\Database\MigrationRunner->migrate('up', Object(stdClass))
#7 C:\Users\USER\crud-manajemen-data-ci4\system\Commands\Database\Migrate.php(85): CodeIgniter\Database\MigrationRunner->latest(NULL)
#8 C:\Users\USER\crud-manajemen-data-ci4\system\CLI\Commands.php(74): CodeIgniter\Commands\Database\Migrate->run(Array)
#9 C:\Users\USER\crud-manajemen-data-ci4\system\CLI\Console.php(47): CodeIgniter\CLI\Commands->run('migrate', Array)
#10 C:\Users\USER\crud-manajemen-data-ci4\system\Boot.php(388): CodeIgniter\CLI\Console->run()
#11 C:\Users\USER\crud-manajemen-data-ci4\system\Boot.php(133): CodeIgniter\Boot::runCommand(Object(CodeIgniter\CLI\Console))
#12 C:\Users\USER\crud-manajemen-data-ci4\spark(87): CodeIgniter\Boot::bootSpark(Object(Config\Paths))
#13 {main}
ERROR - 2025-08-24 23:35:41 --> mysqli_sql_exception: Can't create table `pegawai_db`.`pegawai` (errno: 150 "Foreign key constraint is incorrectly formed") in C:\Users\USER\crud-manajemen-data-ci4\system\Database\MySQLi\Connection.php:327
Stack trace:
#0 C:\Users\USER\crud-manajemen-data-ci4\system\Database\MySQLi\Connection.php(327): mysqli->query('CREATE TABLE `p...', 0)
#1 C:\Users\USER\crud-manajemen-data-ci4\system\Database\BaseConnection.php(729): CodeIgniter\Database\MySQLi\Connection->execute('CREATE TABLE `p...')
#2 C:\Users\USER\crud-manajemen-data-ci4\system\Database\BaseConnection.php(646): CodeIgniter\Database\BaseConnection->simpleQuery('CREATE TABLE `p...')
#3 C:\Users\USER\crud-manajemen-data-ci4\system\Database\Forge.php(570): CodeIgniter\Database\BaseConnection->query('CREATE TABLE `p...')
#4 C:\Users\USER\crud-manajemen-data-ci4\app\Database\Migrations\2025-08-24-135514_CreatePegawaiTable.php(38): CodeIgniter\Database\Forge->createTable('pegawai')
#5 C:\Users\USER\crud-manajemen-data-ci4\system\Database\MigrationRunner.php(876): App\Database\Migrations\CreatePegawaiTable->up()
#6 C:\Users\USER\crud-manajemen-data-ci4\system\Database\MigrationRunner.php(182): CodeIgniter\Database\MigrationRunner->migrate('up', Object(stdClass))
#7 C:\Users\USER\crud-manajemen-data-ci4\system\Commands\Database\Migrate.php(85): CodeIgniter\Database\MigrationRunner->latest(NULL)
#8 C:\Users\USER\crud-manajemen-data-ci4\system\CLI\Commands.php(74): CodeIgniter\Commands\Database\Migrate->run(Array)
#9 C:\Users\USER\crud-manajemen-data-ci4\system\CLI\Console.php(47): CodeIgniter\CLI\Commands->run('migrate', Array)
#10 C:\Users\USER\crud-manajemen-data-ci4\system\Boot.php(388): CodeIgniter\CLI\Console->run()
#11 C:\Users\USER\crud-manajemen-data-ci4\system\Boot.php(133): CodeIgniter\Boot::runCommand(Object(CodeIgniter\CLI\Console))
#12 C:\Users\USER\crud-manajemen-data-ci4\spark(87): CodeIgniter\Boot::bootSpark(Object(Config\Paths))
#13 {main}
ERROR - 2025-08-24 23:37:25 --> mysqli_sql_exception: Can't create table `pegawai_db`.`pegawai` (errno: 150 "Foreign key constraint is incorrectly formed") in C:\Users\USER\crud-manajemen-data-ci4\system\Database\MySQLi\Connection.php:327
Stack trace:
#0 C:\Users\USER\crud-manajemen-data-ci4\system\Database\MySQLi\Connection.php(327): mysqli->query('CREATE TABLE `p...', 0)
#1 C:\Users\USER\crud-manajemen-data-ci4\system\Database\BaseConnection.php(729): CodeIgniter\Database\MySQLi\Connection->execute('CREATE TABLE `p...')
#2 C:\Users\USER\crud-manajemen-data-ci4\system\Database\BaseConnection.php(646): CodeIgniter\Database\BaseConnection->simpleQuery('CREATE TABLE `p...')
#3 C:\Users\USER\crud-manajemen-data-ci4\system\Database\Forge.php(570): CodeIgniter\Database\BaseConnection->query('CREATE TABLE `p...')
#4 C:\Users\USER\crud-manajemen-data-ci4\app\Database\Migrations\2025-08-24-135514_CreatePegawaiTable.php(38): CodeIgniter\Database\Forge->createTable('pegawai')
#5 C:\Users\USER\crud-manajemen-data-ci4\system\Database\MigrationRunner.php(876): App\Database\Migrations\CreatePegawaiTable->up()
#6 C:\Users\USER\crud-manajemen-data-ci4\system\Database\MigrationRunner.php(182): CodeIgniter\Database\MigrationRunner->migrate('up', Object(stdClass))
#7 C:\Users\USER\crud-manajemen-data-ci4\system\Commands\Database\Migrate.php(85): CodeIgniter\Database\MigrationRunner->latest(NULL)
#8 C:\Users\USER\crud-manajemen-data-ci4\system\CLI\Commands.php(74): CodeIgniter\Commands\Database\Migrate->run(Array)
#9 C:\Users\USER\crud-manajemen-data-ci4\system\CLI\Console.php(47): CodeIgniter\CLI\Commands->run('migrate', Array)
#10 C:\Users\USER\crud-manajemen-data-ci4\system\Boot.php(388): CodeIgniter\CLI\Console->run()
#11 C:\Users\USER\crud-manajemen-data-ci4\system\Boot.php(133): CodeIgniter\Boot::runCommand(Object(CodeIgniter\CLI\Console))
#12 C:\Users\USER\crud-manajemen-data-ci4\spark(87): CodeIgniter\Boot::bootSpark(Object(Config\Paths))
#13 {main}
ERROR - 2025-08-24 23:39:23 --> mysqli_sql_exception: Can't create table `pegawai_db`.`pegawai` (errno: 150 "Foreign key constraint is incorrectly formed") in C:\Users\USER\crud-manajemen-data-ci4\system\Database\MySQLi\Connection.php:327
Stack trace:
#0 C:\Users\USER\crud-manajemen-data-ci4\system\Database\MySQLi\Connection.php(327): mysqli->query('CREATE TABLE `p...', 0)
#1 C:\Users\USER\crud-manajemen-data-ci4\system\Database\BaseConnection.php(729): CodeIgniter\Database\MySQLi\Connection->execute('CREATE TABLE `p...')
#2 C:\Users\USER\crud-manajemen-data-ci4\system\Database\BaseConnection.php(646): CodeIgniter\Database\BaseConnection->simpleQuery('CREATE TABLE `p...')
#3 C:\Users\USER\crud-manajemen-data-ci4\system\Database\Forge.php(570): CodeIgniter\Database\BaseConnection->query('CREATE TABLE `p...')
#4 C:\Users\USER\crud-manajemen-data-ci4\app\Database\Migrations\2025-08-24-135514_CreatePegawaiTable.php(38): CodeIgniter\Database\Forge->createTable('pegawai')
#5 C:\Users\USER\crud-manajemen-data-ci4\system\Database\MigrationRunner.php(876): App\Database\Migrations\CreatePegawaiTable->up()
#6 C:\Users\USER\crud-manajemen-data-ci4\system\Database\MigrationRunner.php(182): CodeIgniter\Database\MigrationRunner->migrate('up', Object(stdClass))
#7 C:\Users\USER\crud-manajemen-data-ci4\system\Commands\Database\Migrate.php(85): CodeIgniter\Database\MigrationRunner->latest(NULL)
#8 C:\Users\USER\crud-manajemen-data-ci4\system\CLI\Commands.php(74): CodeIgniter\Commands\Database\Migrate->run(Array)
#9 C:\Users\USER\crud-manajemen-data-ci4\system\CLI\Console.php(47): CodeIgniter\CLI\Commands->run('migrate', Array)
#10 C:\Users\USER\crud-manajemen-data-ci4\system\Boot.php(388): CodeIgniter\CLI\Console->run()
#11 C:\Users\USER\crud-manajemen-data-ci4\system\Boot.php(133): CodeIgniter\Boot::runCommand(Object(CodeIgniter\CLI\Console))
#12 C:\Users\USER\crud-manajemen-data-ci4\spark(87): CodeIgniter\Boot::bootSpark(Object(Config\Paths))
#13 {main}
ERROR - 2025-08-24 23:39:35 --> mysqli_sql_exception: Can't create table `pegawai_db`.`pegawai` (errno: 150 "Foreign key constraint is incorrectly formed") in C:\Users\USER\crud-manajemen-data-ci4\system\Database\MySQLi\Connection.php:327
Stack trace:
#0 C:\Users\USER\crud-manajemen-data-ci4\system\Database\MySQLi\Connection.php(327): mysqli->query('CREATE TABLE `p...', 0)
#1 C:\Users\USER\crud-manajemen-data-ci4\system\Database\BaseConnection.php(729): CodeIgniter\Database\MySQLi\Connection->execute('CREATE TABLE `p...')
#2 C:\Users\USER\crud-manajemen-data-ci4\system\Database\BaseConnection.php(646): CodeIgniter\Database\BaseConnection->simpleQuery('CREATE TABLE `p...')
#3 C:\Users\USER\crud-manajemen-data-ci4\system\Database\Forge.php(570): CodeIgniter\Database\BaseConnection->query('CREATE TABLE `p...')
#4 C:\Users\USER\crud-manajemen-data-ci4\app\Database\Migrations\2025-08-24-135514_CreatePegawaiTable.php(38): CodeIgniter\Database\Forge->createTable('pegawai')
#5 C:\Users\USER\crud-manajemen-data-ci4\system\Database\MigrationRunner.php(876): App\Database\Migrations\CreatePegawaiTable->up()
#6 C:\Users\USER\crud-manajemen-data-ci4\system\Database\MigrationRunner.php(182): CodeIgniter\Database\MigrationRunner->migrate('up', Object(stdClass))
#7 C:\Users\USER\crud-manajemen-data-ci4\system\Commands\Database\Migrate.php(85): CodeIgniter\Database\MigrationRunner->latest(NULL)
#8 C:\Users\USER\crud-manajemen-data-ci4\system\CLI\Commands.php(74): CodeIgniter\Commands\Database\Migrate->run(Array)
#9 C:\Users\USER\crud-manajemen-data-ci4\system\CLI\Console.php(47): CodeIgniter\CLI\Commands->run('migrate', Array)
#10 C:\Users\USER\crud-manajemen-data-ci4\system\Boot.php(388): CodeIgniter\CLI\Console->run()
#11 C:\Users\USER\crud-manajemen-data-ci4\system\Boot.php(133): CodeIgniter\Boot::runCommand(Object(CodeIgniter\CLI\Console))
#12 C:\Users\USER\crud-manajemen-data-ci4\spark(87): CodeIgniter\Boot::bootSpark(Object(Config\Paths))
#13 {main}
ERROR - 2025-08-24 23:45:19 --> mysqli_sql_exception: Unknown table 'pegawai_db.pegawai' in C:\Users\USER\crud-manajemen-data-ci4\system\Database\MySQLi\Connection.php:327
Stack trace:
#0 C:\Users\USER\crud-manajemen-data-ci4\system\Database\MySQLi\Connection.php(327): mysqli->query('DROP TABLE `peg...', 0)
#1 C:\Users\USER\crud-manajemen-data-ci4\system\Database\BaseConnection.php(729): CodeIgniter\Database\MySQLi\Connection->execute('DROP TABLE `peg...')
#2 C:\Users\USER\crud-manajemen-data-ci4\system\Database\BaseConnection.php(646): CodeIgniter\Database\BaseConnection->simpleQuery('DROP TABLE `peg...')
#3 C:\Users\USER\crud-manajemen-data-ci4\system\Database\Forge.php(663): CodeIgniter\Database\BaseConnection->query('DROP TABLE `peg...')
#4 C:\Users\USER\crud-manajemen-data-ci4\app\Database\Migrations\2025-08-24-135514_CreatePegawaiTable.php(44): CodeIgniter\Database\Forge->dropTable('pegawai')
#5 C:\Users\USER\crud-manajemen-data-ci4\system\Database\MigrationRunner.php(876): App\Database\Migrations\CreatePegawaiTable->down()
#6 C:\Users\USER\crud-manajemen-data-ci4\system\Database\MigrationRunner.php(289): CodeIgniter\Database\MigrationRunner->migrate('down', Object(stdClass))
#7 C:\Users\USER\crud-manajemen-data-ci4\system\Commands\Database\MigrateRollback.php(101): CodeIgniter\Database\MigrationRunner->regress(0)
#8 C:\Users\USER\crud-manajemen-data-ci4\system\CLI\Commands.php(74): CodeIgniter\Commands\Database\MigrateRollback->run(Array)
#9 C:\Users\USER\crud-manajemen-data-ci4\system\CLI\Console.php(47): CodeIgniter\CLI\Commands->run('migrate:rollbac...', Array)
#10 C:\Users\USER\crud-manajemen-data-ci4\system\Boot.php(388): CodeIgniter\CLI\Console->run()
#11 C:\Users\USER\crud-manajemen-data-ci4\system\Boot.php(133): CodeIgniter\Boot::runCommand(Object(CodeIgniter\CLI\Console))
#12 C:\Users\USER\crud-manajemen-data-ci4\spark(87): CodeIgniter\Boot::bootSpark(Object(Config\Paths))
#13 {main}
